<?xml version="1.0" encoding="UTF-8"?>
<!-- Generated by org.testng.reporters.JUnitXMLReporter -->
<testsuite ignored="0" hostname="ADMINRG-D1VBJ0A" failures="0" tests="2" name="Default test" time="353.803" errors="0" timestamp="2023-08-09T13:09:46 IST">
  <testcase classname="vtiger.ContactsTests.CreateContactWithOrganizationTest" name="createContactWithOrgTest" time="119.42"/>
  <testcase classname="vtiger.ContactsTests.CreateContactWithOrganizationTest" name="demoTest" time="0.028"/>
</testsuite> <!-- Default test -->
