<?xml version="1.0" encoding="UTF-8"?>
<!-- Generated by org.testng.reporters.JUnitXMLReporter -->
<testsuite ignored="0" hostname="ADMINRG-D1VBJ0A" failures="1" tests="2" name="Test" time="106.277" errors="0" timestamp="2023-07-27T21:20:31 IST">
  <testcase classname="vtiger.ContactsTests.CreateContactWithOrganizationTest" name="createContactWithOrgTest" time="39.375">
    <failure type="java.lang.AssertionError" message="null">
      <![CDATA[java.lang.AssertionError: null
at vtiger.ContactsTests.CreateContactWithOrganizationTest.createContactWithOrgTest(CreateContactWithOrganizationTest.java:58)
at java.base/java.util.ArrayList.forEach(ArrayList.java:1511)
... Removed 27 stack frames]]>
    </failure>
  </testcase> <!-- createContactWithOrgTest -->
  <testcase classname="vtiger.ContactsTests.CreateContactWithOrganizationTest" name="demoTest" time="0.015"/>
</testsuite> <!-- Test -->
