<?xml version="1.0" encoding="UTF-8"?>
<testng-results ignored="0" total="2" passed="2" failed="0" skipped="0">
  <reporter-output>
    <line>
      <![CDATA[Org link clicked]]>
    </line>
    <line>
      <![CDATA[Create Org Lookup Image is clicked. ]]>
    </line>
    <line>
      <![CDATA[Organization Created]]>
    </line>
    <line>
      <![CDATA[Contact link clicked]]>
    </line>
    <line>
      <![CDATA[Create Contact Look up image Clicked]]>
    </line>
    <line>
      <![CDATA[Contact is created]]>
    </line>
  </reporter-output>
  <suite started-at="2023-08-09T13:03:51 IST" name="Default suite" finished-at="2023-08-09T13:09:45 IST" duration-ms="353803">
    <groups>
      <group name="SmokeSuite">
        <method signature="CreateContactWithOrganizationTest.createContactWithOrgTest()[pri:0, instance:vtiger.ContactsTests.CreateContactWithOrganizationTest@506ae4d4]" name="createContactWithOrgTest" class="vtiger.ContactsTests.CreateContactWithOrganizationTest"/>
        <method signature="CreateContactWithOrganizationTest.demoTest()[pri:0, instance:vtiger.ContactsTests.CreateContactWithOrganizationTest@506ae4d4]" name="demoTest" class="vtiger.ContactsTests.CreateContactWithOrganizationTest"/>
      </group> <!-- SmokeSuite -->
    </groups>
    <test started-at="2023-08-09T13:03:51 IST" name="Default test" finished-at="2023-08-09T13:09:45 IST" duration-ms="353803">
      <class name="vtiger.ContactsTests.CreateContactWithOrganizationTest">
        <test-method is-config="true" signature="bsConfig()[pri:0, instance:vtiger.ContactsTests.CreateContactWithOrganizationTest@506ae4d4]" started-at="2023-08-09T13:03:51 IST" name="bsConfig" finished-at="2023-08-09T13:03:51 IST" duration-ms="26" status="PASS">
          <reporter-output>
          </reporter-output>
        </test-method> <!-- bsConfig -->
        <test-method is-config="true" signature="bcConfig()[pri:0, instance:vtiger.ContactsTests.CreateContactWithOrganizationTest@506ae4d4]" started-at="2023-08-09T13:03:52 IST" name="bcConfig" finished-at="2023-08-09T13:06:38 IST" duration-ms="166079" status="PASS">
          <reporter-output>
          </reporter-output>
        </test-method> <!-- bcConfig -->
        <test-method is-config="true" signature="bmConfig()[pri:0, instance:vtiger.ContactsTests.CreateContactWithOrganizationTest@506ae4d4]" started-at="2023-08-09T13:06:38 IST" name="bmConfig" finished-at="2023-08-09T13:07:24 IST" duration-ms="45243" status="PASS">
          <reporter-output>
          </reporter-output>
        </test-method> <!-- bmConfig -->
        <test-method signature="createContactWithOrgTest()[pri:0, instance:vtiger.ContactsTests.CreateContactWithOrganizationTest@506ae4d4]" started-at="2023-08-09T13:07:24 IST" name="createContactWithOrgTest" finished-at="2023-08-09T13:09:23 IST" duration-ms="119420" status="PASS">
          <reporter-output>
            <line>
              <![CDATA[Org link clicked]]>
            </line>
            <line>
              <![CDATA[Create Org Lookup Image is clicked. ]]>
            </line>
            <line>
              <![CDATA[Organization Created]]>
            </line>
            <line>
              <![CDATA[Contact link clicked]]>
            </line>
            <line>
              <![CDATA[Create Contact Look up image Clicked]]>
            </line>
            <line>
              <![CDATA[Contact is created]]>
            </line>
          </reporter-output>
        </test-method> <!-- createContactWithOrgTest -->
        <test-method is-config="true" signature="amConfig()[pri:0, instance:vtiger.ContactsTests.CreateContactWithOrganizationTest@506ae4d4]" started-at="2023-08-09T13:09:23 IST" name="amConfig" finished-at="2023-08-09T13:09:29 IST" duration-ms="6039" status="PASS">
          <reporter-output>
          </reporter-output>
        </test-method> <!-- amConfig -->
        <test-method is-config="true" signature="bmConfig()[pri:0, instance:vtiger.ContactsTests.CreateContactWithOrganizationTest@506ae4d4]" started-at="2023-08-09T13:09:29 IST" name="bmConfig" finished-at="2023-08-09T13:09:34 IST" duration-ms="4691" status="PASS">
          <reporter-output>
          </reporter-output>
        </test-method> <!-- bmConfig -->
        <test-method signature="demoTest()[pri:0, instance:vtiger.ContactsTests.CreateContactWithOrganizationTest@506ae4d4]" started-at="2023-08-09T13:09:34 IST" name="demoTest" finished-at="2023-08-09T13:09:34 IST" duration-ms="28" status="PASS">
          <reporter-output>
          </reporter-output>
        </test-method> <!-- demoTest -->
        <test-method is-config="true" signature="amConfig()[pri:0, instance:vtiger.ContactsTests.CreateContactWithOrganizationTest@506ae4d4]" started-at="2023-08-09T13:09:34 IST" name="amConfig" finished-at="2023-08-09T13:09:43 IST" duration-ms="8972" status="PASS">
          <reporter-output>
          </reporter-output>
        </test-method> <!-- amConfig -->
        <test-method is-config="true" signature="acConfig()[pri:0, instance:vtiger.ContactsTests.CreateContactWithOrganizationTest@506ae4d4]" started-at="2023-08-09T13:09:43 IST" name="acConfig" finished-at="2023-08-09T13:09:45 IST" duration-ms="2020" status="PASS">
          <reporter-output>
          </reporter-output>
        </test-method> <!-- acConfig -->
        <test-method is-config="true" signature="asConfig()[pri:0, instance:vtiger.ContactsTests.CreateContactWithOrganizationTest@506ae4d4]" started-at="2023-08-09T13:09:47 IST" name="asConfig" finished-at="2023-08-09T13:09:47 IST" duration-ms="1" status="PASS">
          <reporter-output>
          </reporter-output>
        </test-method> <!-- asConfig -->
      </class> <!-- vtiger.ContactsTests.CreateContactWithOrganizationTest -->
    </test> <!-- Default test -->
  </suite> <!-- Default suite -->
</testng-results>
